2025-04-08 09:52:57,397 | App1_Transcript_Builder | ERROR | Error in App1_Transcript_Builder
Error Type: ValueError
Error Message: Missing Supabase credentials. Ensure SUPABASE_URL and SUPABASE_KEY are set in your environment or .env file.
Traceback:
Traceback (most recent call last):
  File "C:\Users\digit\CascadeProjects\self-cast-studio-app-1\transcript_builder.py", line 157, in main
    supabase_writer = SupabaseWriter(str(output_dir))
  File "C:\Users\digit\CascadeProjects\self-cast-studio-app-1\utils\supabase_writer.py", line 38, in __init__
    raise ValueError(
ValueError: Missing Supabase credentials. Ensure SUPABASE_URL and SUPABASE_KEY are set in your environment or .env file.

2025-04-08 09:52:58,104 | workflow_logger | ERROR | Failed to log error to workflow_logs: {}
2025-04-08 11:43:04,032 | App1_Transcript_Builder | ERROR | Error in App1_Transcript_Builder
Error Type: KeyError
Error Message: 'text'
Traceback:
Traceback (most recent call last):
  File "C:\Users\digit\CascadeProjects\self-cast-studio-app-1\transcript_builder.py", line 135, in main
    question_texts = [q["text"] for q in questions]
  File "C:\Users\digit\CascadeProjects\self-cast-studio-app-1\transcript_builder.py", line 135, in <listcomp>
    question_texts = [q["text"] for q in questions]
KeyError: 'text'

2025-04-08 11:43:04,768 | workflow_logger | ERROR | Failed to log error to workflow_logs: {}
2025-04-08 12:37:47,202 | Transcript Builder | ERROR | Error in Transcript Builder
Error Type: KeyError
Error Message: 'start'
Traceback:
Traceback (most recent call last):
  File "C:\Users\digit\CascadeProjects\self-cast-studio-app-1\transcript_builder.py", line 157, in main
    file_writer.write_transcript_chunks(chunks)
    ~~~~~~~~~~~~~~~~~~~~~~~~~~~~~~~~~~~^^^^^^^^
  File "C:\Users\digit\CascadeProjects\self-cast-studio-app-1\utils\file_writer.py", line 69, in write_transcript_chunks
    start_time = self.format_timestamp(chunk_data["start"])
                                       ~~~~~~~~~~^^^^^^^^^
KeyError: 'start'

2025-04-08 12:37:47,204 | workflow_logger | ERROR | Failed to log error to workflow_logs: Supabase credentials not found
2025-04-08 13:54:08,066 | workflow_logger | ERROR | Failed to log error to workflow_logs: Supabase credentials not found
2025-04-08 13:55:04,623 | Transcript Builder | ERROR | Error in Transcript Builder
Error Type: AttributeError
Error Message: 'TranscriptSegment' object has no attribute 'get'
Traceback:
Traceback (most recent call last):
  File "C:\Users\digit\CascadeProjects\self-cast-studio-app-1\transcript_builder.py", line 140, in main
    chunks = process_vtt_mode(str(input_path), str(vtt_path), str(output_dir))
  File "C:\Users\digit\CascadeProjects\self-cast-studio-app-1\transcript_builder.py", line 43, in process_vtt_mode
    processed_chunks = video_cutter.process_chunks(segments)
  File "C:\Users\digit\CascadeProjects\self-cast-studio-app-1\utils\video_cutter.py", line 73, in process_chunks
    start_time, end_time = self._get_chunk_timing(chunk)
                           ~~~~~~~~~~~~~~~~~~~~~~^^^^^^^
  File "C:\Users\digit\CascadeProjects\self-cast-studio-app-1\utils\video_cutter.py", line 63, in _get_chunk_timing
    start_time = chunk.get("start_time") or chunk.get("start", 0.0)
                 ^^^^^^^^^
AttributeError: 'TranscriptSegment' object has no attribute 'get'

2025-04-08 13:55:04,625 | workflow_logger | ERROR | Failed to log error to workflow_logs: Supabase credentials not found
2025-04-08 14:01:53,033 | Transcript Builder | ERROR | Error in Transcript Builder
Error Type: KeyError
Error Message: 'start'
Traceback:
Traceback (most recent call last):
  File "C:\Users\digit\CascadeProjects\self-cast-studio-app-1\transcript_builder.py", line 140, in main
    chunks = process_vtt_mode(str(input_path), str(vtt_path), str(output_dir))
  File "C:\Users\digit\CascadeProjects\self-cast-studio-app-1\transcript_builder.py", line 48, in process_vtt_mode
    file_writer.write_transcript_chunks(processed_chunks)
    ~~~~~~~~~~~~~~~~~~~~~~~~~~~~~~~~~~~^^^^^^^^^^^^^^^^^^
  File "C:\Users\digit\CascadeProjects\self-cast-studio-app-1\utils\file_writer.py", line 69, in write_transcript_chunks
    start_time = self.format_timestamp(chunk_data["start"])
                                       ~~~~~~~~~~^^^^^^^^^
KeyError: 'start'

2025-04-08 14:01:53,034 | workflow_logger | ERROR | Failed to log error to workflow_logs: Supabase credentials not found
2025-04-08 14:17:40,100 | Transcript Builder | ERROR | Error in Transcript Builder
Error Type: KeyError
Error Message: 'start'
Traceback:
Traceback (most recent call last):
  File "C:\Users\digit\CascadeProjects\self-cast-studio-app-1\transcript_builder.py", line 140, in main
    chunks = process_vtt_mode(str(input_path), str(vtt_path), str(output_dir))
  File "C:\Users\digit\CascadeProjects\self-cast-studio-app-1\transcript_builder.py", line 48, in process_vtt_mode
    file_writer.write_transcript_chunks(processed_chunks)
    ~~~~~~~~~~~~~~~~~~~~~~~~~~~~~~~~~~~^^^^^^^^^^^^^^^^^^
  File "C:\Users\digit\CascadeProjects\self-cast-studio-app-1\utils\file_writer.py", line 69, in write_transcript_chunks
    start_time = self.format_timestamp(chunk_data["start"])
                                       ~~~~~~~~~~^^^^^^^^^
KeyError: 'start'

2025-04-08 14:17:40,101 | workflow_logger | ERROR | Failed to log error to workflow_logs: Supabase credentials not found
2025-04-08 14:19:55,670 | Transcript Builder | ERROR | Error in Transcript Builder
Error Type: KeyError
Error Message: 'start'
Traceback:
Traceback (most recent call last):
  File "C:\Users\digit\CascadeProjects\self-cast-studio-app-1\transcript_builder.py", line 140, in main
    chunks = process_vtt_mode(str(input_path), str(vtt_path), str(output_dir))
  File "C:\Users\digit\CascadeProjects\self-cast-studio-app-1\transcript_builder.py", line 48, in process_vtt_mode
    file_writer.write_transcript_chunks(processed_chunks)
    ~~~~~~~~~~~~~~~~~~~~~~~~~~~~~~~~~~~^^^^^^^^^^^^^^^^^^
  File "C:\Users\digit\CascadeProjects\self-cast-studio-app-1\utils\file_writer.py", line 69, in write_transcript_chunks
    start_time = self.format_timestamp(chunk_data["start"])
                                       ~~~~~~~~~~^^^^^^^^^
KeyError: 'start'

2025-04-08 14:19:55,671 | workflow_logger | ERROR | Failed to log error to workflow_logs: Supabase credentials not found
2025-04-10 17:41:54,969 | Transcript Builder | ERROR | Error in Transcript Builder
Error Type: AttributeError
Error Message: 'function' object has no attribute 'from_'
Traceback:
Traceback (most recent call last):
  File "C:\Users\digit\CascadeProjects\self-cast-studio-app-1\transcript_builder.py", line 215, in main
    chunks = process_vtt_mode(str(input_path), str(vtt_path), str(output_dir), args.category)
  File "C:\Users\digit\CascadeProjects\self-cast-studio-app-1\transcript_builder.py", line 87, in process_vtt_mode
    upload_file_to_supabase(
  File "C:\Users\digit\CascadeProjects\self-cast-studio-app-1\utils\supabase_upload.py", line 42, in upload_file_to_supabase
    result = supabase.storage.from_(bucket).upload(
AttributeError: 'function' object has no attribute 'from_'

2025-04-10 17:41:55,220 | workflow_logger | ERROR | Failed to log error to workflow_logs: {}
2025-04-10 17:42:33,667 | Transcript Builder | ERROR | Error in Transcript Builder
Error Type: AttributeError
Error Message: 'function' object has no attribute 'from_'
Traceback:
Traceback (most recent call last):
  File "C:\Users\digit\CascadeProjects\self-cast-studio-app-1\transcript_builder.py", line 215, in main
    chunks = process_vtt_mode(str(input_path), str(vtt_path), str(output_dir), args.category)
  File "C:\Users\digit\CascadeProjects\self-cast-studio-app-1\transcript_builder.py", line 87, in process_vtt_mode
    upload_file_to_supabase(
  File "C:\Users\digit\CascadeProjects\self-cast-studio-app-1\utils\supabase_upload.py", line 42, in upload_file_to_supabase
    result = supabase.storage.from_(bucket).upload(
AttributeError: 'function' object has no attribute 'from_'

2025-04-10 17:42:33,826 | workflow_logger | ERROR | Failed to log error to workflow_logs: {}
2025-04-10 17:43:09,666 | Transcript Builder | ERROR | Error in Transcript Builder
Error Type: AttributeError
Error Message: 'function' object has no attribute 'bucket'
Traceback:
Traceback (most recent call last):
  File "C:\Users\digit\CascadeProjects\self-cast-studio-app-1\transcript_builder.py", line 215, in main
    chunks = process_vtt_mode(str(input_path), str(vtt_path), str(output_dir), args.category)
  File "C:\Users\digit\CascadeProjects\self-cast-studio-app-1\transcript_builder.py", line 87, in process_vtt_mode
    upload_file_to_supabase(
  File "C:\Users\digit\CascadeProjects\self-cast-studio-app-1\utils\supabase_upload.py", line 42, in upload_file_to_supabase
    bucket_client = supabase.storage.bucket(bucket)
AttributeError: 'function' object has no attribute 'bucket'

2025-04-10 17:43:09,887 | workflow_logger | ERROR | Failed to log error to workflow_logs: {}
2025-04-10 17:44:29,976 | Transcript Builder | ERROR | Error in Transcript Builder
Error Type: TypeError
Error Message: Header value must be str or bytes, not <class 'bool'>
Traceback:
Traceback (most recent call last):
  File "C:\Users\digit\CascadeProjects\self-cast-studio-app-1\transcript_builder.py", line 215, in main
    chunks = process_vtt_mode(str(input_path), str(vtt_path), str(output_dir), args.category)
  File "C:\Users\digit\CascadeProjects\self-cast-studio-app-1\transcript_builder.py", line 87, in process_vtt_mode
    upload_file_to_supabase(
  File "C:\Users\digit\CascadeProjects\self-cast-studio-app-1\utils\supabase_upload.py", line 49, in upload_file_to_supabase
    result = supabase.storage.from_(bucket).upload(
  File "C:\Users\digit\AppData\Local\Programs\Python\Python310\lib\site-packages\storage3\_sync\file_api.py", line 535, in upload
    return self._upload_or_update("POST", path, file, file_options)
  File "C:\Users\digit\AppData\Local\Programs\Python\Python310\lib\site-packages\storage3\_sync\file_api.py", line 508, in _upload_or_update
    response = self._request(
  File "C:\Users\digit\AppData\Local\Programs\Python\Python310\lib\site-packages\storage3\_sync\file_api.py", line 50, in _request
    response = self._client.request(
  File "C:\Users\digit\AppData\Local\Programs\Python\Python310\lib\site-packages\httpx\_client.py", line 812, in request
    request = self.build_request(
  File "C:\Users\digit\AppData\Local\Programs\Python\Python310\lib\site-packages\httpx\_client.py", line 367, in build_request
    headers = self._merge_headers(headers)
  File "C:\Users\digit\AppData\Local\Programs\Python\Python310\lib\site-packages\httpx\_client.py", line 430, in _merge_headers
    merged_headers.update(headers)
  File "C:\Users\digit\AppData\Local\Programs\Python\Python310\lib\site-packages\httpx\_models.py", line 275, in update
    headers = Headers(headers)
  File "C:\Users\digit\AppData\Local\Programs\Python\Python310\lib\site-packages\httpx\_models.py", line 156, in __init__
    bytes_value = _normalize_header_value(v, encoding)
  File "C:\Users\digit\AppData\Local\Programs\Python\Python310\lib\site-packages\httpx\_models.py", line 81, in _normalize_header_value
    raise TypeError(f"Header value must be str or bytes, not {type(value)}")
TypeError: Header value must be str or bytes, not <class 'bool'>

2025-04-10 17:44:30,169 | workflow_logger | ERROR | Failed to log error to workflow_logs: {}
2025-04-10 17:45:02,332 | Transcript Builder | ERROR | Error in Transcript Builder
Error Type: APIError
Error Message: {'code': 'PGRST204', 'details': None, 'hint': None, 'message': "Could not find the 'transcript_id' column of 'transcript_files' in the schema cache"}
Traceback:
Traceback (most recent call last):
  File "C:\Users\digit\CascadeProjects\self-cast-studio-app-1\transcript_builder.py", line 215, in main
    chunks = process_vtt_mode(str(input_path), str(vtt_path), str(output_dir), args.category)
  File "C:\Users\digit\CascadeProjects\self-cast-studio-app-1\transcript_builder.py", line 87, in process_vtt_mode
    upload_file_to_supabase(
  File "C:\Users\digit\CascadeProjects\self-cast-studio-app-1\utils\supabase_upload.py", line 68, in upload_file_to_supabase
    result = supabase.table("transcript_files").insert(data).execute()
  File "C:\Users\digit\AppData\Local\Programs\Python\Python310\lib\site-packages\postgrest\_sync\request_builder.py", line 78, in execute
    raise APIError(r.json())
postgrest.exceptions.APIError: {'code': 'PGRST204', 'details': None, 'hint': None, 'message': "Could not find the 'transcript_id' column of 'transcript_files' in the schema cache"}

2025-04-10 17:45:02,514 | workflow_logger | ERROR | Failed to log error to workflow_logs: {}
2025-04-10 17:45:50,860 | Transcript Builder | ERROR | Error in Transcript Builder
Error Type: APIError
Error Message: {'code': 'PGRST204', 'details': None, 'hint': None, 'message': "Could not find the 'transcript_id' column of 'transcript_files' in the schema cache"}
Traceback:
Traceback (most recent call last):
  File "C:\Users\digit\CascadeProjects\self-cast-studio-app-1\transcript_builder.py", line 215, in main
    chunks = process_vtt_mode(str(input_path), str(vtt_path), str(output_dir), args.category)
  File "C:\Users\digit\CascadeProjects\self-cast-studio-app-1\transcript_builder.py", line 87, in process_vtt_mode
    upload_file_to_supabase(
  File "C:\Users\digit\CascadeProjects\self-cast-studio-app-1\utils\supabase_upload.py", line 68, in upload_file_to_supabase
    result = supabase.table("transcript_files").insert(data).execute()
  File "C:\Users\digit\AppData\Local\Programs\Python\Python310\lib\site-packages\postgrest\_sync\request_builder.py", line 78, in execute
    raise APIError(r.json())
postgrest.exceptions.APIError: {'code': 'PGRST204', 'details': None, 'hint': None, 'message': "Could not find the 'transcript_id' column of 'transcript_files' in the schema cache"}

2025-04-10 17:45:51,033 | workflow_logger | ERROR | Failed to log error to workflow_logs: {}
2025-04-10 17:46:18,916 | Transcript Builder | ERROR | Error in Transcript Builder
Error Type: APIError
Error Message: {'code': 'PGRST204', 'details': None, 'hint': None, 'message': "Could not find the 'transcript_id' column of 'transcript_files' in the schema cache"}
Traceback:
Traceback (most recent call last):
  File "C:\Users\digit\CascadeProjects\self-cast-studio-app-1\transcript_builder.py", line 215, in main
    chunks = process_vtt_mode(str(input_path), str(vtt_path), str(output_dir), args.category)
  File "C:\Users\digit\CascadeProjects\self-cast-studio-app-1\transcript_builder.py", line 87, in process_vtt_mode
    upload_file_to_supabase(
  File "C:\Users\digit\CascadeProjects\self-cast-studio-app-1\utils\supabase_upload.py", line 69, in upload_file_to_supabase
    result = supabase.table("transcript_files").insert(data).execute()
  File "C:\Users\digit\AppData\Local\Programs\Python\Python310\lib\site-packages\postgrest\_sync\request_builder.py", line 78, in execute
    raise APIError(r.json())
postgrest.exceptions.APIError: {'code': 'PGRST204', 'details': None, 'hint': None, 'message': "Could not find the 'transcript_id' column of 'transcript_files' in the schema cache"}

2025-04-10 17:46:19,115 | workflow_logger | ERROR | Failed to log error to workflow_logs: {}
2025-04-11 13:28:15,072 | Transcript Builder | ERROR | Error in Transcript Builder
Error Type: str
Error Message: VTT processing failed: VTTParser.__init__() missing 1 required positional argument: 'output_dir'
Traceback:
Traceback (most recent call last):
  File "C:\Users\digit\CascadeProjects\self-cast-studio-app-1\transcript_builder.py", line 52, in process_vtt_mode
    parser = VTTParser(vtt_path)
TypeError: VTTParser.__init__() missing 1 required positional argument: 'output_dir'

2025-04-11 13:28:15,087 | workflow_logger | ERROR | Failed to log error to workflow_logs: Client.__init__() got an unexpected keyword argument 'proxy'
2025-04-11 13:28:15,088 | Transcript Builder | ERROR | Error in Transcript Builder
Error Type: str
Error Message: Processing failed: VTTParser.__init__() missing 1 required positional argument: 'output_dir'
Traceback:
Traceback (most recent call last):
  File "C:\Users\digit\CascadeProjects\self-cast-studio-app-1\transcript_builder.py", line 193, in main
    chunks = process_vtt_mode(str(mp4_path), str(vtt_path), str(output_dir), args.category, str(m4a_path) if m4a_path else None)
  File "C:\Users\digit\CascadeProjects\self-cast-studio-app-1\transcript_builder.py", line 52, in process_vtt_mode
    parser = VTTParser(vtt_path)
TypeError: VTTParser.__init__() missing 1 required positional argument: 'output_dir'

2025-04-11 13:28:15,088 | Transcript Builder | ERROR | Error in Transcript Builder
Error Type: str
Error Message: Processing failed: VTTParser.__init__() missing 1 required positional argument: 'output_dir'
Traceback:
Traceback (most recent call last):
  File "C:\Users\digit\CascadeProjects\self-cast-studio-app-1\transcript_builder.py", line 193, in main
    chunks = process_vtt_mode(str(mp4_path), str(vtt_path), str(output_dir), args.category, str(m4a_path) if m4a_path else None)
  File "C:\Users\digit\CascadeProjects\self-cast-studio-app-1\transcript_builder.py", line 52, in process_vtt_mode
    parser = VTTParser(vtt_path)
TypeError: VTTParser.__init__() missing 1 required positional argument: 'output_dir'

2025-04-11 13:28:15,102 | workflow_logger | ERROR | Failed to log error to workflow_logs: Client.__init__() got an unexpected keyword argument 'proxy'
2025-04-11 13:28:15,102 | workflow_logger | ERROR | Failed to log error to workflow_logs: Client.__init__() got an unexpected keyword argument 'proxy'
2025-04-11 13:29:13,581 | Transcript Builder | ERROR | Error in Transcript Builder
Error Type: str
Error Message: VTT processing failed: unsupported operand type(s) for /: 'str' and 'str'
Traceback:
Traceback (most recent call last):
  File "C:\Users\digit\CascadeProjects\self-cast-studio-app-1\transcript_builder.py", line 52, in process_vtt_mode
    parser = VTTParser(vtt_path, output_dir)
  File "C:\Users\digit\CascadeProjects\self-cast-studio-app-1\utils\vtt_parser.py", line 22, in __init__
    self.error_handler = ErrorHandler(output_dir)
  File "C:\Users\digit\CascadeProjects\self-cast-studio-app-1\utils\error_handler.py", line 27, in __init__
    self.log_file = output_dir / "errors.log"
TypeError: unsupported operand type(s) for /: 'str' and 'str'

2025-04-11 13:29:13,595 | workflow_logger | ERROR | Failed to log error to workflow_logs: Client.__init__() got an unexpected keyword argument 'proxy'
2025-04-11 13:29:13,596 | Transcript Builder | ERROR | Error in Transcript Builder
Error Type: str
Error Message: Processing failed: unsupported operand type(s) for /: 'str' and 'str'
Traceback:
Traceback (most recent call last):
  File "C:\Users\digit\CascadeProjects\self-cast-studio-app-1\transcript_builder.py", line 193, in main
    chunks = process_vtt_mode(str(mp4_path), str(vtt_path), str(output_dir), args.category, str(m4a_path) if m4a_path else None)
  File "C:\Users\digit\CascadeProjects\self-cast-studio-app-1\transcript_builder.py", line 52, in process_vtt_mode
    parser = VTTParser(vtt_path, output_dir)
  File "C:\Users\digit\CascadeProjects\self-cast-studio-app-1\utils\vtt_parser.py", line 22, in __init__
    self.error_handler = ErrorHandler(output_dir)
  File "C:\Users\digit\CascadeProjects\self-cast-studio-app-1\utils\error_handler.py", line 27, in __init__
    self.log_file = output_dir / "errors.log"
TypeError: unsupported operand type(s) for /: 'str' and 'str'

2025-04-11 13:29:13,596 | Transcript Builder | ERROR | Error in Transcript Builder
Error Type: str
Error Message: Processing failed: unsupported operand type(s) for /: 'str' and 'str'
Traceback:
Traceback (most recent call last):
  File "C:\Users\digit\CascadeProjects\self-cast-studio-app-1\transcript_builder.py", line 193, in main
    chunks = process_vtt_mode(str(mp4_path), str(vtt_path), str(output_dir), args.category, str(m4a_path) if m4a_path else None)
  File "C:\Users\digit\CascadeProjects\self-cast-studio-app-1\transcript_builder.py", line 52, in process_vtt_mode
    parser = VTTParser(vtt_path, output_dir)
  File "C:\Users\digit\CascadeProjects\self-cast-studio-app-1\utils\vtt_parser.py", line 22, in __init__
    self.error_handler = ErrorHandler(output_dir)
  File "C:\Users\digit\CascadeProjects\self-cast-studio-app-1\utils\error_handler.py", line 27, in __init__
    self.log_file = output_dir / "errors.log"
TypeError: unsupported operand type(s) for /: 'str' and 'str'

2025-04-11 13:29:13,609 | workflow_logger | ERROR | Failed to log error to workflow_logs: Client.__init__() got an unexpected keyword argument 'proxy'
2025-04-11 13:29:13,609 | workflow_logger | ERROR | Failed to log error to workflow_logs: Client.__init__() got an unexpected keyword argument 'proxy'
2025-04-11 13:29:47,566 | Transcript Builder | ERROR | Error in Transcript Builder
Error Type: str
Error Message: VTT processing failed: No Speaker 2 segments found in VTT file
Traceback:
Traceback (most recent call last):
  File "C:\Users\digit\CascadeProjects\self-cast-studio-app-1\transcript_builder.py", line 56, in process_vtt_mode
    raise ValueError("No Speaker 2 segments found in VTT file")
ValueError: No Speaker 2 segments found in VTT file

2025-04-11 13:29:47,580 | workflow_logger | ERROR | Failed to log error to workflow_logs: Client.__init__() got an unexpected keyword argument 'proxy'
2025-04-11 13:29:47,583 | Transcript Builder | ERROR | Error in Transcript Builder
Error Type: str
Error Message: Processing failed: No Speaker 2 segments found in VTT file
Traceback:
Traceback (most recent call last):
  File "C:\Users\digit\CascadeProjects\self-cast-studio-app-1\transcript_builder.py", line 193, in main
    chunks = process_vtt_mode(str(mp4_path), str(vtt_path), str(output_dir), args.category, str(m4a_path) if m4a_path else None)
  File "C:\Users\digit\CascadeProjects\self-cast-studio-app-1\transcript_builder.py", line 56, in process_vtt_mode
    raise ValueError("No Speaker 2 segments found in VTT file")
ValueError: No Speaker 2 segments found in VTT file

2025-04-11 13:29:47,583 | Transcript Builder | ERROR | Error in Transcript Builder
Error Type: str
Error Message: Processing failed: No Speaker 2 segments found in VTT file
Traceback:
Traceback (most recent call last):
  File "C:\Users\digit\CascadeProjects\self-cast-studio-app-1\transcript_builder.py", line 193, in main
    chunks = process_vtt_mode(str(mp4_path), str(vtt_path), str(output_dir), args.category, str(m4a_path) if m4a_path else None)
  File "C:\Users\digit\CascadeProjects\self-cast-studio-app-1\transcript_builder.py", line 56, in process_vtt_mode
    raise ValueError("No Speaker 2 segments found in VTT file")
ValueError: No Speaker 2 segments found in VTT file

2025-04-11 13:29:47,596 | workflow_logger | ERROR | Failed to log error to workflow_logs: Client.__init__() got an unexpected keyword argument 'proxy'
2025-04-11 13:29:47,596 | workflow_logger | ERROR | Failed to log error to workflow_logs: Client.__init__() got an unexpected keyword argument 'proxy'
2025-04-11 13:30:36,359 | Transcript Builder | ERROR | Error in Transcript Builder
Error Type: str
Error Message: VTT processing failed: 'FileWriter' object has no attribute 'write_chunks'
Traceback:
Traceback (most recent call last):
  File "C:\Users\digit\CascadeProjects\self-cast-studio-app-1\transcript_builder.py", line 87, in process_vtt_mode
    file_writer.write_chunks(processed_chunks)
AttributeError: 'FileWriter' object has no attribute 'write_chunks'

2025-04-11 13:30:36,374 | workflow_logger | ERROR | Failed to log error to workflow_logs: Client.__init__() got an unexpected keyword argument 'proxy'
2025-04-11 13:30:36,377 | Transcript Builder | ERROR | Error in Transcript Builder
Error Type: str
Error Message: Processing failed: 'FileWriter' object has no attribute 'write_chunks'
Traceback:
Traceback (most recent call last):
  File "C:\Users\digit\CascadeProjects\self-cast-studio-app-1\transcript_builder.py", line 193, in main
    chunks = process_vtt_mode(str(mp4_path), str(vtt_path), str(output_dir), args.category, str(m4a_path) if m4a_path else None)
  File "C:\Users\digit\CascadeProjects\self-cast-studio-app-1\transcript_builder.py", line 87, in process_vtt_mode
    file_writer.write_chunks(processed_chunks)
AttributeError: 'FileWriter' object has no attribute 'write_chunks'

2025-04-11 13:30:36,377 | Transcript Builder | ERROR | Error in Transcript Builder
Error Type: str
Error Message: Processing failed: 'FileWriter' object has no attribute 'write_chunks'
Traceback:
Traceback (most recent call last):
  File "C:\Users\digit\CascadeProjects\self-cast-studio-app-1\transcript_builder.py", line 193, in main
    chunks = process_vtt_mode(str(mp4_path), str(vtt_path), str(output_dir), args.category, str(m4a_path) if m4a_path else None)
  File "C:\Users\digit\CascadeProjects\self-cast-studio-app-1\transcript_builder.py", line 87, in process_vtt_mode
    file_writer.write_chunks(processed_chunks)
AttributeError: 'FileWriter' object has no attribute 'write_chunks'

2025-04-11 13:30:36,392 | workflow_logger | ERROR | Failed to log error to workflow_logs: Client.__init__() got an unexpected keyword argument 'proxy'
2025-04-11 13:30:36,392 | workflow_logger | ERROR | Failed to log error to workflow_logs: Client.__init__() got an unexpected keyword argument 'proxy'
2025-04-11 13:48:22,609 | Transcript Builder | ERROR | Error in Transcript Builder
Error Type: str
Error Message: VTT processing failed: 'path'
Traceback:
Traceback (most recent call last):
  File "C:\Users\digit\CascadeProjects\self-cast-studio-app-1\transcript_builder.py", line 79, in process_vtt_mode
    chunk['audio_path'] = audio['path']
KeyError: 'path'

2025-04-11 13:48:22,634 | workflow_logger | ERROR | Failed to log error to workflow_logs: Client.__init__() got an unexpected keyword argument 'proxy'
2025-04-11 13:48:22,639 | Transcript Builder | ERROR | Error in Transcript Builder
Error Type: str
Error Message: Processing failed: 'path'
Traceback:
Traceback (most recent call last):
  File "C:\Users\digit\CascadeProjects\self-cast-studio-app-1\transcript_builder.py", line 195, in main
    chunks = process_vtt_mode(str(mp4_path), str(vtt_path), str(output_dir), args.category, str(m4a_path) if m4a_path else None)
  File "C:\Users\digit\CascadeProjects\self-cast-studio-app-1\transcript_builder.py", line 79, in process_vtt_mode
    chunk['audio_path'] = audio['path']
KeyError: 'path'

2025-04-11 13:48:22,639 | Transcript Builder | ERROR | Error in Transcript Builder
Error Type: str
Error Message: Processing failed: 'path'
Traceback:
Traceback (most recent call last):
  File "C:\Users\digit\CascadeProjects\self-cast-studio-app-1\transcript_builder.py", line 195, in main
    chunks = process_vtt_mode(str(mp4_path), str(vtt_path), str(output_dir), args.category, str(m4a_path) if m4a_path else None)
  File "C:\Users\digit\CascadeProjects\self-cast-studio-app-1\transcript_builder.py", line 79, in process_vtt_mode
    chunk['audio_path'] = audio['path']
KeyError: 'path'

2025-04-11 13:48:22,664 | workflow_logger | ERROR | Failed to log error to workflow_logs: Client.__init__() got an unexpected keyword argument 'proxy'
2025-04-11 13:48:22,664 | workflow_logger | ERROR | Failed to log error to workflow_logs: Client.__init__() got an unexpected keyword argument 'proxy'
2025-04-11 13:49:32,344 | Transcript Builder | ERROR | Error in Transcript Builder
Error Type: str
Error Message: VTT processing failed: 'EmbeddingGenerator' object has no attribute 'generate'
Traceback:
Traceback (most recent call last):
  File "C:\Users\digit\CascadeProjects\self-cast-studio-app-1\transcript_builder.py", line 85, in process_vtt_mode
    chunk['embedding'] = embedding_gen.generate(chunk['text'])
AttributeError: 'EmbeddingGenerator' object has no attribute 'generate'

2025-04-11 13:49:32,369 | workflow_logger | ERROR | Failed to log error to workflow_logs: Client.__init__() got an unexpected keyword argument 'proxy'
2025-04-11 13:49:32,374 | Transcript Builder | ERROR | Error in Transcript Builder
Error Type: str
Error Message: Processing failed: 'EmbeddingGenerator' object has no attribute 'generate'
Traceback:
Traceback (most recent call last):
  File "C:\Users\digit\CascadeProjects\self-cast-studio-app-1\transcript_builder.py", line 195, in main
    chunks = process_vtt_mode(str(mp4_path), str(vtt_path), str(output_dir), args.category, str(m4a_path) if m4a_path else None)
  File "C:\Users\digit\CascadeProjects\self-cast-studio-app-1\transcript_builder.py", line 85, in process_vtt_mode
    chunk['embedding'] = embedding_gen.generate(chunk['text'])
AttributeError: 'EmbeddingGenerator' object has no attribute 'generate'

2025-04-11 13:49:32,374 | Transcript Builder | ERROR | Error in Transcript Builder
Error Type: str
Error Message: Processing failed: 'EmbeddingGenerator' object has no attribute 'generate'
Traceback:
Traceback (most recent call last):
  File "C:\Users\digit\CascadeProjects\self-cast-studio-app-1\transcript_builder.py", line 195, in main
    chunks = process_vtt_mode(str(mp4_path), str(vtt_path), str(output_dir), args.category, str(m4a_path) if m4a_path else None)
  File "C:\Users\digit\CascadeProjects\self-cast-studio-app-1\transcript_builder.py", line 85, in process_vtt_mode
    chunk['embedding'] = embedding_gen.generate(chunk['text'])
AttributeError: 'EmbeddingGenerator' object has no attribute 'generate'

2025-04-11 13:49:32,399 | workflow_logger | ERROR | Failed to log error to workflow_logs: Client.__init__() got an unexpected keyword argument 'proxy'
2025-04-11 13:49:32,399 | workflow_logger | ERROR | Failed to log error to workflow_logs: Client.__init__() got an unexpected keyword argument 'proxy'
2025-04-11 14:07:08,016 | Transcript Builder | ERROR | Error in Transcript Builder
Error Type: str
Error Message: VTT processing failed: 'TranscriptSegment' object is not subscriptable
Traceback:
Traceback (most recent call last):
  File "C:\Users\digit\CascadeProjects\self-cast-studio-app-1\transcript_builder.py", line 60, in process_vtt_mode
    segments = [s for s in segments if s['start'] < twelve_minutes]
  File "C:\Users\digit\CascadeProjects\self-cast-studio-app-1\transcript_builder.py", line 60, in <listcomp>
    segments = [s for s in segments if s['start'] < twelve_minutes]
TypeError: 'TranscriptSegment' object is not subscriptable

2025-04-11 14:07:08,030 | workflow_logger | ERROR | Failed to log error to workflow_logs: Client.__init__() got an unexpected keyword argument 'proxy'
2025-04-11 14:07:08,031 | Transcript Builder | ERROR | Error in Transcript Builder
Error Type: str
Error Message: Processing failed: 'TranscriptSegment' object is not subscriptable
Traceback:
Traceback (most recent call last):
  File "C:\Users\digit\CascadeProjects\self-cast-studio-app-1\transcript_builder.py", line 195, in main
    chunks = process_vtt_mode(str(mp4_path), str(vtt_path), str(output_dir), args.category, str(m4a_path) if m4a_path else None)
  File "C:\Users\digit\CascadeProjects\self-cast-studio-app-1\transcript_builder.py", line 60, in process_vtt_mode
    segments = [s for s in segments if s['start'] < twelve_minutes]
  File "C:\Users\digit\CascadeProjects\self-cast-studio-app-1\transcript_builder.py", line 60, in <listcomp>
    segments = [s for s in segments if s['start'] < twelve_minutes]
TypeError: 'TranscriptSegment' object is not subscriptable

2025-04-11 14:07:08,031 | Transcript Builder | ERROR | Error in Transcript Builder
Error Type: str
Error Message: Processing failed: 'TranscriptSegment' object is not subscriptable
Traceback:
Traceback (most recent call last):
  File "C:\Users\digit\CascadeProjects\self-cast-studio-app-1\transcript_builder.py", line 195, in main
    chunks = process_vtt_mode(str(mp4_path), str(vtt_path), str(output_dir), args.category, str(m4a_path) if m4a_path else None)
  File "C:\Users\digit\CascadeProjects\self-cast-studio-app-1\transcript_builder.py", line 60, in process_vtt_mode
    segments = [s for s in segments if s['start'] < twelve_minutes]
  File "C:\Users\digit\CascadeProjects\self-cast-studio-app-1\transcript_builder.py", line 60, in <listcomp>
    segments = [s for s in segments if s['start'] < twelve_minutes]
TypeError: 'TranscriptSegment' object is not subscriptable

2025-04-11 14:07:08,044 | workflow_logger | ERROR | Failed to log error to workflow_logs: Client.__init__() got an unexpected keyword argument 'proxy'
2025-04-11 14:07:08,044 | workflow_logger | ERROR | Failed to log error to workflow_logs: Client.__init__() got an unexpected keyword argument 'proxy'
2025-04-11 20:19:51,114 | Transcript Builder | ERROR | Error in Transcript Builder
Error Type: str
Error Message: Verification failed - outputs may be incomplete
Traceback:
NoneType: None

2025-04-11 20:19:51,601 | workflow_logger | ERROR | Failed to log error to workflow_logs: {}
2025-04-12 08:38:52,812 | Transcript Builder | ERROR | Error in Transcript Builder
Error Type: str
Error Message: Verification failed - outputs may be incomplete
Traceback:
NoneType: None

2025-04-12 08:38:53,479 | workflow_logger | ERROR | Failed to log error to workflow_logs: {}
2025-04-12 08:44:56,464 | Transcript Builder | ERROR | Error in Transcript Builder
Error Type: str
Error Message: VTT processing failed: 'TranscriptSegment' object is not subscriptable
Traceback:
Traceback (most recent call last):
  File "C:\Users\digit\CascadeProjects\self-cast-studio-app-1\transcript_builder.py", line 77, in process_vtt_mode
    processed_chunks = [{'id': f'chunk_{i+1:03d}', 'text': s['text'], 'start': s['start'], 'end': s['end']}
  File "C:\Users\digit\CascadeProjects\self-cast-studio-app-1\transcript_builder.py", line 77, in <listcomp>
    processed_chunks = [{'id': f'chunk_{i+1:03d}', 'text': s['text'], 'start': s['start'], 'end': s['end']}
TypeError: 'TranscriptSegment' object is not subscriptable

2025-04-12 08:44:56,885 | workflow_logger | ERROR | Failed to log error to workflow_logs: {}
2025-04-12 08:44:56,887 | Transcript Builder | ERROR | Error in Transcript Builder
Error Type: str
Error Message: Processing failed: 'TranscriptSegment' object is not subscriptable
Traceback:
Traceback (most recent call last):
  File "C:\Users\digit\CascadeProjects\self-cast-studio-app-1\transcript_builder.py", line 332, in main
    chunks = process_vtt_mode(str(mp4_path) if mp4_path else "", str(vtt_path), str(output_dir), args.category, str(m4a_path) if m4a_path else None)
  File "C:\Users\digit\CascadeProjects\self-cast-studio-app-1\transcript_builder.py", line 77, in process_vtt_mode
    processed_chunks = [{'id': f'chunk_{i+1:03d}', 'text': s['text'], 'start': s['start'], 'end': s['end']}
  File "C:\Users\digit\CascadeProjects\self-cast-studio-app-1\transcript_builder.py", line 77, in <listcomp>
    processed_chunks = [{'id': f'chunk_{i+1:03d}', 'text': s['text'], 'start': s['start'], 'end': s['end']}
TypeError: 'TranscriptSegment' object is not subscriptable

2025-04-12 08:44:56,887 | Transcript Builder | ERROR | Error in Transcript Builder
Error Type: str
Error Message: Processing failed: 'TranscriptSegment' object is not subscriptable
Traceback:
Traceback (most recent call last):
  File "C:\Users\digit\CascadeProjects\self-cast-studio-app-1\transcript_builder.py", line 332, in main
    chunks = process_vtt_mode(str(mp4_path) if mp4_path else "", str(vtt_path), str(output_dir), args.category, str(m4a_path) if m4a_path else None)
  File "C:\Users\digit\CascadeProjects\self-cast-studio-app-1\transcript_builder.py", line 77, in process_vtt_mode
    processed_chunks = [{'id': f'chunk_{i+1:03d}', 'text': s['text'], 'start': s['start'], 'end': s['end']}
  File "C:\Users\digit\CascadeProjects\self-cast-studio-app-1\transcript_builder.py", line 77, in <listcomp>
    processed_chunks = [{'id': f'chunk_{i+1:03d}', 'text': s['text'], 'start': s['start'], 'end': s['end']}
TypeError: 'TranscriptSegment' object is not subscriptable

2025-04-12 08:44:57,213 | workflow_logger | ERROR | Failed to log error to workflow_logs: {}
2025-04-12 08:44:57,213 | workflow_logger | ERROR | Failed to log error to workflow_logs: {}
2025-04-12 08:49:13,243 | Transcript Builder | ERROR | Error in Transcript Builder
Error Type: str
Error Message: Verification failed - outputs may be incomplete
Traceback:
NoneType: None

2025-04-12 08:49:13,669 | workflow_logger | ERROR | Failed to log error to workflow_logs: {}
2025-04-12 08:54:51,735 | Transcript Builder | ERROR | Error in Transcript Builder
Error Type: str
Error Message: Verification failed - outputs may be incomplete
Traceback:
NoneType: None

2025-04-12 08:54:52,039 | workflow_logger | ERROR | Failed to log error to workflow_logs: {}
2025-04-12 08:59:24,525 | Transcript Builder | ERROR | Error in Transcript Builder
Error Type: str
Error Message: Processing failed: 
Traceback:
Traceback (most recent call last):
  File "C:\Users\digit\CascadeProjects\self-cast-studio-app-1\transcript_builder.py", line 349, in main
    if not verify_processing(output_dir, job_id, has_video=bool(mp4_path), has_audio=bool(m4a_path)):
  File "C:\Users\digit\CascadeProjects\self-cast-studio-app-1\transcript_builder.py", line 171, in verify_processing
    timestamped_dir = next(Path(output_dir).glob(f"{job_id}*"))
StopIteration

2025-04-12 08:59:24,899 | workflow_logger | ERROR | Failed to log error to workflow_logs: {}
2025-04-12 09:03:53,459 | Transcript Builder | ERROR | Error in Transcript Builder
Error Type: str
Error Message: Verification failed - outputs may be incomplete
Traceback:
NoneType: None

2025-04-12 09:03:53,867 | workflow_logger | ERROR | Failed to log error to workflow_logs: {}
2025-04-12 09:10:15,513 | Transcript Builder | ERROR | Error in Transcript Builder
Error Type: str
Error Message: Verification failed - outputs may be incomplete
Traceback:
NoneType: None

2025-04-12 09:10:15,929 | workflow_logger | ERROR | Failed to log error to workflow_logs: {}
2025-04-12 09:27:09,752 | Transcript Builder | ERROR | Error in Transcript Builder
Error Type: str
Error Message: Verification failed - outputs may be incomplete
Traceback:
NoneType: None

2025-04-12 09:27:10,101 | workflow_logger | ERROR | Failed to log error to workflow_logs: {}
2025-04-12 09:28:03,515 | Transcript Builder | ERROR | Error in Transcript Builder
Error Type: str
Error Message: Processing failed: Transcript file not found: output\job_20250412_092757\transcript_chunks.md
Traceback:
Traceback (most recent call last):
  File "C:\Users\digit\CascadeProjects\self-cast-studio-app-1\transcript_builder.py", line 354, in main
    move_to_completed(output_dir, args.category)
  File "C:\Users\digit\CascadeProjects\self-cast-studio-app-1\transcript_builder.py", line 276, in move_to_completed
    raise FileNotFoundError(f"Transcript file not found: {source_file}")
FileNotFoundError: Transcript file not found: output\job_20250412_092757\transcript_chunks.md

2025-04-12 09:28:03,799 | workflow_logger | ERROR | Failed to log error to workflow_logs: {}
2025-04-12 09:29:16,157 | Transcript Builder | ERROR | Error in Transcript Builder
Error Type: str
Error Message: Processing failed: No module named 'whisper'
Traceback:
Traceback (most recent call last):
  File "C:\Users\digit\CascadeProjects\self-cast-studio-app-1\transcript_builder.py", line 354, in main
    chunks = process_whisper_mode(str(mp4_path), str(output_dir))
  File "C:\Users\digit\CascadeProjects\self-cast-studio-app-1\transcript_builder.py", line 118, in process_whisper_mode
    import whisper
ModuleNotFoundError: No module named 'whisper'

2025-04-12 09:29:16,520 | workflow_logger | ERROR | Failed to log error to workflow_logs: {}
2025-04-12 09:30:22,133 | Transcript Builder | ERROR | Error in Transcript Builder
Error Type: str
Error Message: Processing failed: Audio extraction failed: ffmpeg version 7.1.1-essentials_build-www.gyan.dev Copyright (c) 2000-2025 the FFmpeg developers
  built with gcc 14.2.0 (Rev1, Built by MSYS2 project)
  configuration: --enable-gpl --enable-version3 --enable-static --disable-w32threads --disable-autodetect --enable-fontconfig --enable-iconv --enable-gnutls --enable-libxml2 --enable-gmp --enable-bzlib --enable-lzma --enable-zlib --enable-libsrt --enable-libssh --enable-libzmq --enable-avisynth --enable-sdl2 --enable-libwebp --enable-libx264 --enable-libx265 --enable-libxvid --enable-libaom --enable-libopenjpeg --enable-libvpx --enable-mediafoundation --enable-libass --enable-libfreetype --enable-libfribidi --enable-libharfbuzz --enable-libvidstab --enable-libvmaf --enable-libzimg --enable-amf --enable-cuda-llvm --enable-cuvid --enable-dxva2 --enable-d3d11va --enable-d3d12va --enable-ffnvcodec --enable-libvpl --enable-nvdec --enable-nvenc --enable-vaapi --enable-libgme --enable-libopenmpt --enable-libopencore-amrwb --enable-libmp3lame --enable-libtheora --enable-libvo-amrwbenc --enable-libgsm --enable-libopencore-amrnb --enable-libopus --enable-libspeex --enable-libvorbis --enable-librubberband
  libavutil      59. 39.100 / 59. 39.100
  libavcodec     61. 19.101 / 61. 19.101
  libavformat    61.  7.100 / 61.  7.100
  libavdevice    61.  3.100 / 61.  3.100
  libavfilter    10.  4.100 / 10.  4.100
  libswscale      8.  3.100 /  8.  3.100
  libswresample   5.  3.100 /  5.  3.100
  libpostproc    58.  3.100 / 58.  3.100
[in#0 @ 000001c0106043c0] Error opening input: No such file or directory
Error opening input file None.
Error opening input files: No such file or directory

Traceback:
Traceback (most recent call last):
  File "C:\Users\digit\CascadeProjects\self-cast-studio-app-1\transcript_builder.py", line 354, in main
    chunks = process_whisper_mode(str(mp4_path), str(output_dir))
  File "C:\Users\digit\CascadeProjects\self-cast-studio-app-1\transcript_builder.py", line 123, in process_whisper_mode
    audio_path = ffmpeg_audio.extract_audio(input_path, output_dir)
  File "C:\Users\digit\CascadeProjects\self-cast-studio-app-1\utils\ffmpeg_audio.py", line 49, in extract_audio
    raise RuntimeError(f"Audio extraction failed: {result.stderr}")
RuntimeError: Audio extraction failed: ffmpeg version 7.1.1-essentials_build-www.gyan.dev Copyright (c) 2000-2025 the FFmpeg developers
  built with gcc 14.2.0 (Rev1, Built by MSYS2 project)
  configuration: --enable-gpl --enable-version3 --enable-static --disable-w32threads --disable-autodetect --enable-fontconfig --enable-iconv --enable-gnutls --enable-libxml2 --enable-gmp --enable-bzlib --enable-lzma --enable-zlib --enable-libsrt --enable-libssh --enable-libzmq --enable-avisynth --enable-sdl2 --enable-libwebp --enable-libx264 --enable-libx265 --enable-libxvid --enable-libaom --enable-libopenjpeg --enable-libvpx --enable-mediafoundation --enable-libass --enable-libfreetype --enable-libfribidi --enable-libharfbuzz --enable-libvidstab --enable-libvmaf --enable-libzimg --enable-amf --enable-cuda-llvm --enable-cuvid --enable-dxva2 --enable-d3d11va --enable-d3d12va --enable-ffnvcodec --enable-libvpl --enable-nvdec --enable-nvenc --enable-vaapi --enable-libgme --enable-libopenmpt --enable-libopencore-amrwb --enable-libmp3lame --enable-libtheora --enable-libvo-amrwbenc --enable-libgsm --enable-libopencore-amrnb --enable-libopus --enable-libspeex --enable-libvorbis --enable-librubberband
  libavutil      59. 39.100 / 59. 39.100
  libavcodec     61. 19.101 / 61. 19.101
  libavformat    61.  7.100 / 61.  7.100
  libavdevice    61.  3.100 / 61.  3.100
  libavfilter    10.  4.100 / 10.  4.100
  libswscale      8.  3.100 /  8.  3.100
  libswresample   5.  3.100 /  5.  3.100
  libpostproc    58.  3.100 / 58.  3.100
[in#0 @ 000001c0106043c0] Error opening input: No such file or directory
Error opening input file None.
Error opening input files: No such file or directory


2025-04-12 09:30:22,469 | workflow_logger | ERROR | Failed to log error to workflow_logs: {}
2025-04-12 09:34:39,752 | Transcript Builder | ERROR | Error in Transcript Builder
Error Type: str
Error Message: Processing failed: Audio extraction failed: ffmpeg version 7.1.1-essentials_build-www.gyan.dev Copyright (c) 2000-2025 the FFmpeg developers
  built with gcc 14.2.0 (Rev1, Built by MSYS2 project)
  configuration: --enable-gpl --enable-version3 --enable-static --disable-w32threads --disable-autodetect --enable-fontconfig --enable-iconv --enable-gnutls --enable-libxml2 --enable-gmp --enable-bzlib --enable-lzma --enable-zlib --enable-libsrt --enable-libssh --enable-libzmq --enable-avisynth --enable-sdl2 --enable-libwebp --enable-libx264 --enable-libx265 --enable-libxvid --enable-libaom --enable-libopenjpeg --enable-libvpx --enable-mediafoundation --enable-libass --enable-libfreetype --enable-libfribidi --enable-libharfbuzz --enable-libvidstab --enable-libvmaf --enable-libzimg --enable-amf --enable-cuda-llvm --enable-cuvid --enable-dxva2 --enable-d3d11va --enable-d3d12va --enable-ffnvcodec --enable-libvpl --enable-nvdec --enable-nvenc --enable-vaapi --enable-libgme --enable-libopenmpt --enable-libopencore-amrwb --enable-libmp3lame --enable-libtheora --enable-libvo-amrwbenc --enable-libgsm --enable-libopencore-amrnb --enable-libopus --enable-libspeex --enable-libvorbis --enable-librubberband
  libavutil      59. 39.100 / 59. 39.100
  libavcodec     61. 19.101 / 61. 19.101
  libavformat    61.  7.100 / 61.  7.100
  libavdevice    61.  3.100 / 61.  3.100
  libavfilter    10.  4.100 / 10.  4.100
  libswscale      8.  3.100 /  8.  3.100
  libswresample   5.  3.100 /  5.  3.100
  libpostproc    58.  3.100 / 58.  3.100
[in#0 @ 0000014070954840] Error opening input: No such file or directory
Error opening input file None.
Error opening input files: No such file or directory

Traceback:
Traceback (most recent call last):
  File "C:\Users\digit\CascadeProjects\self-cast-studio-app-1\transcript_builder.py", line 354, in main
    chunks = process_whisper_mode(str(mp4_path), str(output_dir))
  File "C:\Users\digit\CascadeProjects\self-cast-studio-app-1\transcript_builder.py", line 123, in process_whisper_mode
    audio_path = ffmpeg_audio.extract_audio(input_path, output_dir)
  File "C:\Users\digit\CascadeProjects\self-cast-studio-app-1\utils\ffmpeg_audio.py", line 49, in extract_audio
    raise RuntimeError(f"Audio extraction failed: {result.stderr}")
RuntimeError: Audio extraction failed: ffmpeg version 7.1.1-essentials_build-www.gyan.dev Copyright (c) 2000-2025 the FFmpeg developers
  built with gcc 14.2.0 (Rev1, Built by MSYS2 project)
  configuration: --enable-gpl --enable-version3 --enable-static --disable-w32threads --disable-autodetect --enable-fontconfig --enable-iconv --enable-gnutls --enable-libxml2 --enable-gmp --enable-bzlib --enable-lzma --enable-zlib --enable-libsrt --enable-libssh --enable-libzmq --enable-avisynth --enable-sdl2 --enable-libwebp --enable-libx264 --enable-libx265 --enable-libxvid --enable-libaom --enable-libopenjpeg --enable-libvpx --enable-mediafoundation --enable-libass --enable-libfreetype --enable-libfribidi --enable-libharfbuzz --enable-libvidstab --enable-libvmaf --enable-libzimg --enable-amf --enable-cuda-llvm --enable-cuvid --enable-dxva2 --enable-d3d11va --enable-d3d12va --enable-ffnvcodec --enable-libvpl --enable-nvdec --enable-nvenc --enable-vaapi --enable-libgme --enable-libopenmpt --enable-libopencore-amrwb --enable-libmp3lame --enable-libtheora --enable-libvo-amrwbenc --enable-libgsm --enable-libopencore-amrnb --enable-libopus --enable-libspeex --enable-libvorbis --enable-librubberband
  libavutil      59. 39.100 / 59. 39.100
  libavcodec     61. 19.101 / 61. 19.101
  libavformat    61.  7.100 / 61.  7.100
  libavdevice    61.  3.100 / 61.  3.100
  libavfilter    10.  4.100 / 10.  4.100
  libswscale      8.  3.100 /  8.  3.100
  libswresample   5.  3.100 /  5.  3.100
  libpostproc    58.  3.100 / 58.  3.100
[in#0 @ 0000014070954840] Error opening input: No such file or directory
Error opening input file None.
Error opening input files: No such file or directory


2025-04-12 09:34:40,007 | workflow_logger | ERROR | Failed to log error to workflow_logs: {}
2025-04-12 09:36:19,267 | Transcript Builder | ERROR | Error in Transcript Builder
Error Type: str
Error Message: Processing failed: Audio extraction failed: ffmpeg version 7.1.1-essentials_build-www.gyan.dev Copyright (c) 2000-2025 the FFmpeg developers
  built with gcc 14.2.0 (Rev1, Built by MSYS2 project)
  configuration: --enable-gpl --enable-version3 --enable-static --disable-w32threads --disable-autodetect --enable-fontconfig --enable-iconv --enable-gnutls --enable-libxml2 --enable-gmp --enable-bzlib --enable-lzma --enable-zlib --enable-libsrt --enable-libssh --enable-libzmq --enable-avisynth --enable-sdl2 --enable-libwebp --enable-libx264 --enable-libx265 --enable-libxvid --enable-libaom --enable-libopenjpeg --enable-libvpx --enable-mediafoundation --enable-libass --enable-libfreetype --enable-libfribidi --enable-libharfbuzz --enable-libvidstab --enable-libvmaf --enable-libzimg --enable-amf --enable-cuda-llvm --enable-cuvid --enable-dxva2 --enable-d3d11va --enable-d3d12va --enable-ffnvcodec --enable-libvpl --enable-nvdec --enable-nvenc --enable-vaapi --enable-libgme --enable-libopenmpt --enable-libopencore-amrwb --enable-libmp3lame --enable-libtheora --enable-libvo-amrwbenc --enable-libgsm --enable-libopencore-amrnb --enable-libopus --enable-libspeex --enable-libvorbis --enable-librubberband
  libavutil      59. 39.100 / 59. 39.100
  libavcodec     61. 19.101 / 61. 19.101
  libavformat    61.  7.100 / 61.  7.100
  libavdevice    61.  3.100 / 61.  3.100
  libavfilter    10.  4.100 / 10.  4.100
  libswscale      8.  3.100 /  8.  3.100
  libswresample   5.  3.100 /  5.  3.100
  libpostproc    58.  3.100 / 58.  3.100
[in#0 @ 000001467f4e4840] Error opening input: No such file or directory
Error opening input file None.
Error opening input files: No such file or directory

Traceback:
Traceback (most recent call last):
  File "C:\Users\digit\CascadeProjects\self-cast-studio-app-1\transcript_builder.py", line 362, in main
    chunks = process_whisper_mode(str(mp4_path), str(output_dir))
  File "C:\Users\digit\CascadeProjects\self-cast-studio-app-1\transcript_builder.py", line 123, in process_whisper_mode
    audio_path = ffmpeg_audio.extract_audio(input_path, output_dir)
  File "C:\Users\digit\CascadeProjects\self-cast-studio-app-1\utils\ffmpeg_audio.py", line 52, in extract_audio
    raise RuntimeError(f"Audio extraction failed: {result.stderr}")
RuntimeError: Audio extraction failed: ffmpeg version 7.1.1-essentials_build-www.gyan.dev Copyright (c) 2000-2025 the FFmpeg developers
  built with gcc 14.2.0 (Rev1, Built by MSYS2 project)
  configuration: --enable-gpl --enable-version3 --enable-static --disable-w32threads --disable-autodetect --enable-fontconfig --enable-iconv --enable-gnutls --enable-libxml2 --enable-gmp --enable-bzlib --enable-lzma --enable-zlib --enable-libsrt --enable-libssh --enable-libzmq --enable-avisynth --enable-sdl2 --enable-libwebp --enable-libx264 --enable-libx265 --enable-libxvid --enable-libaom --enable-libopenjpeg --enable-libvpx --enable-mediafoundation --enable-libass --enable-libfreetype --enable-libfribidi --enable-libharfbuzz --enable-libvidstab --enable-libvmaf --enable-libzimg --enable-amf --enable-cuda-llvm --enable-cuvid --enable-dxva2 --enable-d3d11va --enable-d3d12va --enable-ffnvcodec --enable-libvpl --enable-nvdec --enable-nvenc --enable-vaapi --enable-libgme --enable-libopenmpt --enable-libopencore-amrwb --enable-libmp3lame --enable-libtheora --enable-libvo-amrwbenc --enable-libgsm --enable-libopencore-amrnb --enable-libopus --enable-libspeex --enable-libvorbis --enable-librubberband
  libavutil      59. 39.100 / 59. 39.100
  libavcodec     61. 19.101 / 61. 19.101
  libavformat    61.  7.100 / 61.  7.100
  libavdevice    61.  3.100 / 61.  3.100
  libavfilter    10.  4.100 / 10.  4.100
  libswscale      8.  3.100 /  8.  3.100
  libswresample   5.  3.100 /  5.  3.100
  libpostproc    58.  3.100 / 58.  3.100
[in#0 @ 000001467f4e4840] Error opening input: No such file or directory
Error opening input file None.
Error opening input files: No such file or directory


2025-04-12 09:36:19,564 | workflow_logger | ERROR | Failed to log error to workflow_logs: {}
2025-04-12 09:42:43,633 | Transcript Builder | ERROR | Error in Transcript Builder
Error Type: str
Error Message: Processing failed: 
Traceback:
Traceback (most recent call last):
  File "C:\Users\digit\CascadeProjects\self-cast-studio-app-1\transcript_builder.py", line 366, in main
    if not verify_processing(output_dir, job_id, has_video=bool(mp4_path), has_audio=bool(m4a_path)):
  File "C:\Users\digit\CascadeProjects\self-cast-studio-app-1\transcript_builder.py", line 180, in verify_processing
    timestamped_dir = next(Path(output_dir).glob("*_annie"))
StopIteration

2025-04-12 09:42:43,884 | workflow_logger | ERROR | Failed to log error to workflow_logs: {}
2025-04-12 09:50:23,133 | Transcript Builder | ERROR | Error in Transcript Builder
Error Type: str
Error Message: Verification failed - outputs may be incomplete
Traceback:
NoneType: None

2025-04-12 09:50:23,480 | workflow_logger | ERROR | Failed to log error to workflow_logs: {}
2025-04-12 09:56:38,292 | Transcript Builder | ERROR | Error in Transcript Builder
Error Type: str
Error Message: Verification failed - outputs may be incomplete
Traceback:
NoneType: None

2025-04-12 09:56:38,717 | workflow_logger | ERROR | Failed to log error to workflow_logs: {}
2025-04-12 10:07:51,434 | Transcript Builder | ERROR | Error in Transcript Builder
Error Type: str
Error Message: Verification failed - outputs may be incomplete
Traceback:
NoneType: None

2025-04-12 10:07:51,779 | workflow_logger | ERROR | Failed to log error to workflow_logs: {}
2025-04-12 10:13:57,295 | Transcript Builder | ERROR | Error in Transcript Builder
Error Type: str
Error Message: Verification failed - outputs may be incomplete
Traceback:
NoneType: None

2025-04-12 10:13:57,634 | workflow_logger | ERROR | Failed to log error to workflow_logs: {}
2025-05-19 14:38:51,349 | Transcript Builder | ERROR | Error in Transcript Builder
Error Type: str
Error Message: VTT processing failed: No Speaker 2 segments found in VTT file
Traceback:
Traceback (most recent call last):
  File "C:\Users\digit\CascadeProjects\self-cast-studio-app-1\transcript_builder.py", line 61, in process_vtt_mode
    raise ValueError("No Speaker 2 segments found in VTT file")
ValueError: No Speaker 2 segments found in VTT file

2025-05-19 14:38:52,639 | workflow_logger | ERROR | Failed to log error to workflow_logs: {}
2025-05-19 14:38:52,640 | Transcript Builder | ERROR | Error in Transcript Builder
Error Type: str
Error Message: Processing failed: No Speaker 2 segments found in VTT file
Traceback:
Traceback (most recent call last):
  File "C:\Users\digit\CascadeProjects\self-cast-studio-app-1\transcript_builder.py", line 367, in main
    chunks = process_vtt_mode(str(mp4_path) if mp4_path else "", str(vtt_path), str(output_dir), args.category, args.email, str(m4a_path) if m4a_path else None)
  File "C:\Users\digit\CascadeProjects\self-cast-studio-app-1\transcript_builder.py", line 61, in process_vtt_mode
    raise ValueError("No Speaker 2 segments found in VTT file")
ValueError: No Speaker 2 segments found in VTT file

2025-05-19 14:38:52,640 | Transcript Builder | ERROR | Error in Transcript Builder
Error Type: str
Error Message: Processing failed: No Speaker 2 segments found in VTT file
Traceback:
Traceback (most recent call last):
  File "C:\Users\digit\CascadeProjects\self-cast-studio-app-1\transcript_builder.py", line 367, in main
    chunks = process_vtt_mode(str(mp4_path) if mp4_path else "", str(vtt_path), str(output_dir), args.category, args.email, str(m4a_path) if m4a_path else None)
  File "C:\Users\digit\CascadeProjects\self-cast-studio-app-1\transcript_builder.py", line 61, in process_vtt_mode
    raise ValueError("No Speaker 2 segments found in VTT file")
ValueError: No Speaker 2 segments found in VTT file

2025-05-19 14:38:53,024 | workflow_logger | ERROR | Failed to log error to workflow_logs: {}
2025-05-19 14:38:53,024 | workflow_logger | ERROR | Failed to log error to workflow_logs: {}
2025-05-19 14:59:44,106 | Transcript Builder | ERROR | Error in Transcript Builder
Error Type: str
Error Message: VTT processing failed: No Speaker 2 segments found in VTT file
Traceback:
Traceback (most recent call last):
  File "C:\Users\digit\CascadeProjects\self-cast-studio-app-1\transcript_builder.py", line 61, in process_vtt_mode
    raise ValueError("No Speaker 2 segments found in VTT file")
ValueError: No Speaker 2 segments found in VTT file

2025-05-19 14:59:44,570 | workflow_logger | ERROR | Failed to log error to workflow_logs: {}
2025-05-19 14:59:44,571 | Transcript Builder | ERROR | Error in Transcript Builder
Error Type: str
Error Message: Processing failed: No Speaker 2 segments found in VTT file
Traceback:
Traceback (most recent call last):
  File "C:\Users\digit\CascadeProjects\self-cast-studio-app-1\transcript_builder.py", line 367, in main
    chunks = process_vtt_mode(str(mp4_path) if mp4_path else "", str(vtt_path), str(output_dir), args.category, args.email, str(m4a_path) if m4a_path else None)
  File "C:\Users\digit\CascadeProjects\self-cast-studio-app-1\transcript_builder.py", line 61, in process_vtt_mode
    raise ValueError("No Speaker 2 segments found in VTT file")
ValueError: No Speaker 2 segments found in VTT file

2025-05-19 14:59:44,571 | Transcript Builder | ERROR | Error in Transcript Builder
Error Type: str
Error Message: Processing failed: No Speaker 2 segments found in VTT file
Traceback:
Traceback (most recent call last):
  File "C:\Users\digit\CascadeProjects\self-cast-studio-app-1\transcript_builder.py", line 367, in main
    chunks = process_vtt_mode(str(mp4_path) if mp4_path else "", str(vtt_path), str(output_dir), args.category, args.email, str(m4a_path) if m4a_path else None)
  File "C:\Users\digit\CascadeProjects\self-cast-studio-app-1\transcript_builder.py", line 61, in process_vtt_mode
    raise ValueError("No Speaker 2 segments found in VTT file")
ValueError: No Speaker 2 segments found in VTT file

2025-05-19 14:59:44,857 | workflow_logger | ERROR | Failed to log error to workflow_logs: {}
2025-05-19 14:59:44,857 | workflow_logger | ERROR | Failed to log error to workflow_logs: {}
2025-05-19 15:05:48,956 | Transcript Builder | ERROR | Error in Transcript Builder
Error Type: str
Error Message: Verification failed - outputs may be incomplete
Traceback:
NoneType: None

2025-05-19 15:05:49,399 | workflow_logger | ERROR | Failed to log error to workflow_logs: {}
2025-05-19 15:12:48,165 | Transcript Builder | ERROR | Error in Transcript Builder
Error Type: str
Error Message: Verification failed - outputs may be incomplete
Traceback:
NoneType: None

2025-05-19 15:12:48,693 | workflow_logger | ERROR | Failed to log error to workflow_logs: {}
2025-05-19 15:17:46,693 | Transcript Builder | ERROR | Error in Transcript Builder
Error Type: str
Error Message: Verification failed - outputs may be incomplete
Traceback:
NoneType: None

2025-05-19 15:17:47,000 | workflow_logger | ERROR | Failed to log error to workflow_logs: {}
2025-05-19 15:19:30,454 | Transcript Builder | ERROR | Error in Transcript Builder
Error Type: str
Error Message: Some verification steps failed - continuing anyway
Traceback:
NoneType: None

2025-05-19 15:19:30,883 | workflow_logger | ERROR | Failed to log error to workflow_logs: {}
2025-05-19 15:19:30,886 | Transcript Builder | ERROR | Error in Transcript Builder
Error Type: str
Error Message: Processing failed: Transcript file not found: output\job_20250519_151921\20250519_151921_interview\transcript_chunks.md
Traceback:
Traceback (most recent call last):
  File "C:\Users\digit\CascadeProjects\self-cast-studio-app-1\transcript_builder.py", line 382, in main
    move_to_completed(output_dir, args.category)
  File "C:\Users\digit\CascadeProjects\self-cast-studio-app-1\transcript_builder.py", line 296, in move_to_completed
    raise FileNotFoundError(f"Transcript file not found: {source_file}")
FileNotFoundError: Transcript file not found: output\job_20250519_151921\20250519_151921_interview\transcript_chunks.md

2025-05-19 15:19:30,886 | Transcript Builder | ERROR | Error in Transcript Builder
Error Type: str
Error Message: Processing failed: Transcript file not found: output\job_20250519_151921\20250519_151921_interview\transcript_chunks.md
Traceback:
Traceback (most recent call last):
  File "C:\Users\digit\CascadeProjects\self-cast-studio-app-1\transcript_builder.py", line 382, in main
    move_to_completed(output_dir, args.category)
  File "C:\Users\digit\CascadeProjects\self-cast-studio-app-1\transcript_builder.py", line 296, in move_to_completed
    raise FileNotFoundError(f"Transcript file not found: {source_file}")
FileNotFoundError: Transcript file not found: output\job_20250519_151921\20250519_151921_interview\transcript_chunks.md

2025-05-19 15:19:31,052 | workflow_logger | ERROR | Failed to log error to workflow_logs: {}
2025-05-19 15:19:31,052 | workflow_logger | ERROR | Failed to log error to workflow_logs: {}
2025-05-19 15:20:32,980 | Transcript Builder | ERROR | Error in Transcript Builder
Error Type: str
Error Message: Some verification steps failed - continuing anyway
Traceback:
NoneType: None

2025-05-19 15:20:33,341 | workflow_logger | ERROR | Failed to log error to workflow_logs: {}
2025-05-20 11:35:41,121 | Transcript Builder | ERROR | Error in Transcript Builder
Error Type: str
Error Message: VTT processing failed: No Speaker 2 segments found in VTT file
Traceback:
Traceback (most recent call last):
  File "C:\Users\digit\CascadeProjects\self-cast-studio-app-1\transcript_builder.py", line 61, in process_vtt_mode
    raise ValueError("No Speaker 2 segments found in VTT file")
ValueError: No Speaker 2 segments found in VTT file

2025-05-20 11:35:42,039 | workflow_logger | ERROR | Failed to log error to workflow_logs: {}
2025-05-20 11:35:42,040 | Transcript Builder | ERROR | Error in Transcript Builder
Error Type: str
Error Message: Processing failed: No Speaker 2 segments found in VTT file
Traceback:
Traceback (most recent call last):
  File "C:\Users\digit\CascadeProjects\self-cast-studio-app-1\transcript_builder.py", line 390, in main
    chunks = process_vtt_mode(str(mp4_path) if mp4_path else "", str(vtt_path), str(output_dir), args.category, args.email, str(m4a_path) if m4a_path else None)
  File "C:\Users\digit\CascadeProjects\self-cast-studio-app-1\transcript_builder.py", line 61, in process_vtt_mode
    raise ValueError("No Speaker 2 segments found in VTT file")
ValueError: No Speaker 2 segments found in VTT file

2025-05-20 11:35:42,040 | Transcript Builder | ERROR | Error in Transcript Builder
Error Type: str
Error Message: Processing failed: No Speaker 2 segments found in VTT file
Traceback:
Traceback (most recent call last):
  File "C:\Users\digit\CascadeProjects\self-cast-studio-app-1\transcript_builder.py", line 390, in main
    chunks = process_vtt_mode(str(mp4_path) if mp4_path else "", str(vtt_path), str(output_dir), args.category, args.email, str(m4a_path) if m4a_path else None)
  File "C:\Users\digit\CascadeProjects\self-cast-studio-app-1\transcript_builder.py", line 61, in process_vtt_mode
    raise ValueError("No Speaker 2 segments found in VTT file")
ValueError: No Speaker 2 segments found in VTT file

2025-05-20 11:35:42,278 | workflow_logger | ERROR | Failed to log error to workflow_logs: {}
2025-05-20 11:35:42,278 | workflow_logger | ERROR | Failed to log error to workflow_logs: {}
2025-05-20 11:40:07,249 | Transcript Builder | ERROR | Error in Transcript Builder
Error Type: str
Error Message: Some verification steps failed - continuing anyway
Traceback:
NoneType: None

2025-05-20 11:40:07,637 | workflow_logger | ERROR | Failed to log error to workflow_logs: {}
